■■■■■■■■■■■■■■■■■■■■■■■■■■■■■【日志报告】■■■■■■■■■■■■■■■■■■■■■■■■■■■■

项目名称：模拟驾驶二
项目启动：‎2020‎年‎10‎月‎26‎日
作者：AlanLW
运行平台：Android移动端 | PC
开发环境：Unity 2019.4.13f1c1 (64-bit)
使用的库：iTween
外部使用工具：FFmpeg

游戏简介：
　　模拟驾考二是一款最符合学员需求的科目二模拟练车APP，主要目的让初学车的学员能够理解汽车行驶基本规律，例如在方向盘不同角度汽车在前进与后退的行驶轨迹，这将对倒车入库等项目中修正车身有助理解，也将在各个项目中建立空间感知与汽车行驶预测基础。需要注意，此APP不代表科目二考试本身，仅供汽车行驶基础理论研究，最终考试规则请以真实考场为准！

练习项目：
　　倒车入库、侧方停车、半坡起步、直角转弯、曲线行驶。

字体使用：
　　主界面-选项卡使用字体“庞门正道标题体2.0增强版”
　　选项卡一使用字体“杨任东竹石体-Bold”
　　选项卡二使用字体“杨任东竹石体-Bold”
　　汽车速度码使用字体“站酷庆科黄油体”
　　分数、时间使用字体“站酷文艺体”
　　档位PRND标识使用字体“庞门正道标题体2.0增强版”
　　游戏暂停面板使用字体“贤二体”
　　加载进度条使用字体“站酷庆科黄油体”　
　　游戏结束提示字体“沐瑶软笔手写体”

一些问题：
1、“曲线行驶”没有压线检测。
2、“考试模式”中，没有项目越界围栏，玩家可以从起点直接绕到终点结束游戏。

-----------------------------------------------------------------------
更新时间：2021-1-6
1、解决了偶尔加载界面卡住的问题。
2、优化了结算界面的布局。
-----------------------------------------------------------------------

-----------------------------------------------------------------------
更新时间：2021-1-17
1、解决了方向盘对于不同的机型兼容问题
-----------------------------------------------------------------------

更新时间：2021-2-18-17点31分
-----------------------------------------------------------------------
1、加入了手刹系统
-----------------------------------------------------------------------

■■■■■■■■■■■■■■■■■■■■■■■■■■■■■■■■■■■■■■■■■■■■■■■■■■■■■■■■■■■■■■■■■■■